<?xml version="1.0" encoding="UTF-8"?>
<testng-results ignored="0" total="1" passed="1" failed="0" skipped="0">
  <reporter-output>
  </reporter-output>
  <suite started-at="2021-03-18T23:43:10 IST" name="Default suite" finished-at="2021-03-18T23:43:12 IST" duration-ms="2499">
    <groups>
    </groups>
    <test started-at="2021-03-18T23:43:10 IST" name="Default test" finished-at="2021-03-18T23:43:12 IST" duration-ms="2499">
      <class name="tests.TestAPILocal">
        <test-method signature="testDelete()[pri:0, instance:tests.TestAPILocal@1f97cf0d]" started-at="2021-03-18T23:43:10 IST" name="testDelete" finished-at="2021-03-18T23:43:12 IST" duration-ms="2432" status="PASS">
          <reporter-output>
          </reporter-output>
        </test-method> <!-- testDelete -->
      </class> <!-- tests.TestAPILocal -->
    </test> <!-- Default test -->
  </suite> <!-- Default suite -->
</testng-results>
